Started GET "/" for ::1 at 2020-10-08 16:36:51 -0700
DEPRECATION WARNING: ActiveRecord::Base.raise_in_transactional_callbacks= is deprecated, has no effect and will be removed without replacement. (called from block (3 levels) in <class:Railtie> at /Users/carlosgarciajr/.rbenv/versions/2.5.1/lib/ruby/gems/2.5.0/gems/activerecord-5.0.7.2/lib/active_record/railtie.rb:113)
Processing by StaticPagesController#index as HTML
  Rendering static_pages/index.html.erb within layouts/application
  Rendered shared/_main_nav.html.erb (0.3ms)
  Rendered shared/_masthead.html.erb (0.2ms)
  Rendered shared/_sections_nav.html.erb (0.2ms)
  Rendered shared/_search_modal.html.erb (0.2ms)
  Rendered shared/_main_content.html.erb (0.2ms)
  Rendered static_pages/index.html.erb within layouts/application (15.2ms)
Completed 200 OK in 362ms (Views: 358.9ms | ActiveRecord: 0.0ms)


Started GET "/assets/application.self-5e5b219656abf8c4e83f7dfd5e5f4f415d8fe2348d16620303a4ed96d1b5a144.css?body=1" for ::1 at 2020-10-08 16:36:52 -0700
Started GET "/" for ::1 at 2020-10-08 16:36:53 -0700
Processing by StaticPagesController#index as HTML
  Rendering static_pages/index.html.erb within layouts/application
  Rendered shared/_main_nav.html.erb (0.2ms)
  Rendered shared/_masthead.html.erb (0.2ms)
  Rendered shared/_sections_nav.html.erb (0.2ms)
  Rendered shared/_search_modal.html.erb (0.2ms)
  Rendered shared/_main_content.html.erb (0.1ms)
  Rendered static_pages/index.html.erb within layouts/application (13.2ms)
Completed 200 OK in 29ms (Views: 26.9ms | ActiveRecord: 0.0ms)


Started GET "/" for ::1 at 2020-10-08 16:37:17 -0700
Processing by StaticPagesController#index as HTML
  Rendering static_pages/index.html.erb within layouts/application
  Rendered shared/_main_nav.html.erb (0.2ms)
  Rendered shared/_masthead.html.erb (0.2ms)
  Rendered shared/_sections_nav.html.erb (0.2ms)
  Rendered shared/_search_modal.html.erb (0.2ms)
  Rendered shared/_main_content.html.erb (0.2ms)
  Rendered static_pages/index.html.erb within layouts/application (14.6ms)
Completed 200 OK in 35ms (Views: 31.8ms | ActiveRecord: 0.0ms)


Started GET "/" for ::1 at 2020-10-08 16:37:20 -0700
Processing by StaticPagesController#index as HTML
  Rendering static_pages/index.html.erb within layouts/application
  Rendered shared/_main_nav.html.erb (0.2ms)
  Rendered shared/_masthead.html.erb (0.2ms)
  Rendered shared/_sections_nav.html.erb (0.2ms)
  Rendered shared/_search_modal.html.erb (0.2ms)
  Rendered shared/_main_content.html.erb (0.2ms)
  Rendered static_pages/index.html.erb within layouts/application (12.8ms)
Completed 200 OK in 30ms (Views: 27.7ms | ActiveRecord: 0.0ms)


Started GET "/" for ::1 at 2020-10-09 09:59:50 -0700
DEPRECATION WARNING: ActiveRecord::Base.raise_in_transactional_callbacks= is deprecated, has no effect and will be removed without replacement. (called from block (3 levels) in <class:Railtie> at /Users/carlosgarciajr/.rbenv/versions/2.5.1/lib/ruby/gems/2.5.0/gems/activerecord-5.0.7.2/lib/active_record/railtie.rb:113)
Processing by StaticPagesController#index as HTML
  Rendering static_pages/index.html.erb within layouts/application
  Rendered shared/_main_nav.html.erb (0.3ms)
  Rendered shared/_masthead.html.erb (0.2ms)
  Rendered shared/_sections_nav.html.erb (0.2ms)
  Rendered shared/_search_modal.html.erb (0.2ms)
  Rendered shared/_main_content.html.erb (0.2ms)
  Rendered static_pages/index.html.erb within layouts/application (15.4ms)
Completed 200 OK in 353ms (Views: 350.1ms | ActiveRecord: 0.0ms)


Started GET "/assets/application.self-7aae4f884d21c0f895d0e25909b4a3857ca3f7bdd4412baf28bf32a8b1f558b1.css?body=1" for ::1 at 2020-10-09 09:59:51 -0700
Started GET "/" for ::1 at 2020-10-09 10:00:16 -0700
Processing by StaticPagesController#index as HTML
  Rendering static_pages/index.html.erb within layouts/application
  Rendered shared/_main_nav.html.erb (0.2ms)
  Rendered shared/_masthead.html.erb (0.2ms)
  Rendered shared/_sections_nav.html.erb (0.1ms)
  Rendered shared/_search_modal.html.erb (0.2ms)
  Rendered shared/_main_content.html.erb (0.4ms)
  Rendered static_pages/index.html.erb within layouts/application (12.9ms)
Completed 200 OK in 34ms (Views: 30.5ms | ActiveRecord: 0.0ms)


Started GET "/assets/new_office.jpg" for ::1 at 2020-10-09 10:00:16 -0700
Started GET "/" for ::1 at 2020-10-09 10:03:51 -0700
Processing by StaticPagesController#index as HTML
  Rendering static_pages/index.html.erb within layouts/application
  Rendered shared/_main_nav.html.erb (0.2ms)
  Rendered shared/_masthead.html.erb (0.2ms)
  Rendered shared/_sections_nav.html.erb (0.3ms)
  Rendered shared/_search_modal.html.erb (0.2ms)
  Rendered shared/_main_content.html.erb (0.3ms)
  Rendered static_pages/index.html.erb within layouts/application (13.1ms)
Completed 200 OK in 109ms (Views: 104.9ms | ActiveRecord: 0.0ms)


Started GET "/assets/application.self-e229079662ba64eec2df88cc9898f07a6b5005419aa37c928d3d684a6d58d3e4.css?body=1" for ::1 at 2020-10-09 10:03:51 -0700
Started GET "/assets/new_office.jpg" for ::1 at 2020-10-09 10:03:51 -0700
Started GET "/" for ::1 at 2020-10-12 13:48:14 -0700
DEPRECATION WARNING: ActiveRecord::Base.raise_in_transactional_callbacks= is deprecated, has no effect and will be removed without replacement. (called from block (3 levels) in <class:Railtie> at /Users/carlosgarciajr/.rbenv/versions/2.5.1/lib/ruby/gems/2.5.0/gems/activerecord-5.0.7.2/lib/active_record/railtie.rb:113)
Processing by StaticPagesController#index as HTML
  Rendering static_pages/index.html.erb within layouts/application
  Rendered shared/_main_nav.html.erb (0.2ms)
  Rendered shared/_masthead.html.erb (0.1ms)
  Rendered shared/_sections_nav.html.erb (0.1ms)
  Rendered shared/_search_modal.html.erb (0.2ms)
  Rendered shared/_main_content.html.erb (0.3ms)
  Rendered static_pages/index.html.erb within layouts/application (14.5ms)
Completed 500 Internal Server Error in 194ms (ActiveRecord: 0.0ms)



Sass::SyntaxError - File to import not found or unreadable: base/grid.scss.
Load paths:
  /Users/carlosgarciajr/Documents/programming/app_academy_work/curriculum/html-css/projects/aa_times/skeleton/app/assets/images
  /Users/carlosgarciajr/Documents/programming/app_academy_work/curriculum/html-css/projects/aa_times/skeleton/app/assets/javascripts
  /Users/carlosgarciajr/Documents/programming/app_academy_work/curriculum/html-css/projects/aa_times/skeleton/app/assets/stylesheets
  /Users/carlosgarciajr/Documents/programming/app_academy_work/curriculum/html-css/projects/aa_times/skeleton/vendor/assets/javascripts
  /Users/carlosgarciajr/Documents/programming/app_academy_work/curriculum/html-css/projects/aa_times/skeleton/vendor/assets/stylesheets
  /Users/carlosgarciajr/.rbenv/versions/2.5.1/lib/ruby/gems/2.5.0/gems/jquery-rails-4.4.0/vendor/assets/javascripts
  /Users/carlosgarciajr/.rbenv/versions/2.5.1/lib/ruby/gems/2.5.0/gems/coffee-rails-4.2.2/lib/assets/javascripts
  /Users/carlosgarciajr/.rbenv/versions/2.5.1/lib/ruby/gems/2.5.0/gems/actioncable-5.0.7.2/lib/assets/compiled:
  app/views/layouts/application.html.erb:7:in `_app_views_layouts_application_html_erb___270333905406359367_70279989431840'

Started POST "/__better_errors/927a171e4587d656/variables" for ::1 at 2020-10-12 13:48:14 -0700
Started GET "/" for ::1 at 2020-10-12 13:48:41 -0700
Processing by StaticPagesController#index as HTML
  Rendering static_pages/index.html.erb within layouts/application
  Rendered shared/_main_nav.html.erb (0.2ms)
  Rendered shared/_masthead.html.erb (0.1ms)
  Rendered shared/_sections_nav.html.erb (0.3ms)
  Rendered shared/_search_modal.html.erb (0.3ms)
  Rendered shared/_main_content.html.erb (0.2ms)
  Rendered static_pages/index.html.erb within layouts/application (12.8ms)
Completed 200 OK in 110ms (Views: 107.4ms | ActiveRecord: 0.0ms)


Started GET "/assets/application.self-1237ad35a9ee79bd64030d4638d1fd80f6734c490eb538e0dd01d7af3c16bf40.css?body=1" for ::1 at 2020-10-12 13:48:41 -0700
Started GET "/" for ::1 at 2020-10-12 13:48:43 -0700
Processing by StaticPagesController#index as HTML
  Rendering static_pages/index.html.erb within layouts/application
  Rendered shared/_main_nav.html.erb (0.2ms)
  Rendered shared/_masthead.html.erb (0.2ms)
  Rendered shared/_sections_nav.html.erb (0.2ms)
  Rendered shared/_search_modal.html.erb (0.2ms)
  Rendered shared/_main_content.html.erb (0.2ms)
  Rendered static_pages/index.html.erb within layouts/application (13.1ms)
Completed 200 OK in 33ms (Views: 29.9ms | ActiveRecord: 0.0ms)


Started GET "/" for ::1 at 2020-10-12 13:55:52 -0700
DEPRECATION WARNING: ActiveRecord::Base.raise_in_transactional_callbacks= is deprecated, has no effect and will be removed without replacement. (called from block (3 levels) in <class:Railtie> at /Users/carlosgarciajr/.rbenv/versions/2.5.1/lib/ruby/gems/2.5.0/gems/activerecord-5.0.7.2/lib/active_record/railtie.rb:113)
Processing by StaticPagesController#index as HTML
  Rendering static_pages/index.html.erb within layouts/application
  Rendered shared/_main_nav.html.erb (0.2ms)
  Rendered shared/_masthead.html.erb (0.1ms)
  Rendered shared/_sections_nav.html.erb (0.3ms)
  Rendered shared/_search_modal.html.erb (0.2ms)
  Rendered shared/_main_content.html.erb (0.3ms)
  Rendered static_pages/index.html.erb within layouts/application (14.6ms)
Completed 200 OK in 257ms (Views: 254.8ms | ActiveRecord: 0.0ms)


Started GET "/assets/application.self-758afe40c177e32f890a8b8e23f11571b5d1785af915c0789bd6a19191afc6ab.css?body=1" for ::1 at 2020-10-12 13:55:52 -0700
Started GET "/assets/new_office.jpg" for ::1 at 2020-10-12 13:55:52 -0700
Started GET "/" for ::1 at 2020-10-12 13:56:32 -0700
Processing by StaticPagesController#index as HTML
  Rendering static_pages/index.html.erb within layouts/application
  Rendered shared/_main_nav.html.erb (0.1ms)
  Rendered shared/_masthead.html.erb (0.2ms)
  Rendered shared/_sections_nav.html.erb (0.1ms)
  Rendered shared/_search_modal.html.erb (0.3ms)
  Rendered shared/_main_content.html.erb (0.3ms)
  Rendered static_pages/index.html.erb within layouts/application (12.3ms)
Completed 200 OK in 75ms (Views: 72.8ms | ActiveRecord: 0.0ms)


Started GET "/assets/application.self-e229079662ba64eec2df88cc9898f07a6b5005419aa37c928d3d684a6d58d3e4.css?body=1" for ::1 at 2020-10-12 13:56:32 -0700
Started GET "/assets/new_office.jpg" for ::1 at 2020-10-12 13:56:32 -0700
Started GET "/" for ::1 at 2020-10-12 13:56:33 -0700
Processing by StaticPagesController#index as HTML
  Rendering static_pages/index.html.erb within layouts/application
  Rendered shared/_main_nav.html.erb (0.2ms)
  Rendered shared/_masthead.html.erb (0.2ms)
  Rendered shared/_sections_nav.html.erb (0.2ms)
  Rendered shared/_search_modal.html.erb (0.2ms)
  Rendered shared/_main_content.html.erb (0.2ms)
  Rendered static_pages/index.html.erb within layouts/application (12.9ms)
Completed 200 OK in 34ms (Views: 31.3ms | ActiveRecord: 0.0ms)


Started GET "/assets/new_office.jpg" for ::1 at 2020-10-12 13:56:33 -0700
Started GET "/" for ::1 at 2020-10-12 13:57:15 -0700
Processing by StaticPagesController#index as HTML
  Rendering static_pages/index.html.erb within layouts/application
  Rendered shared/_main_nav.html.erb (0.2ms)
  Rendered shared/_masthead.html.erb (0.2ms)
  Rendered shared/_sections_nav.html.erb (0.2ms)
  Rendered shared/_search_modal.html.erb (0.2ms)
  Rendered shared/_main_content.html.erb (0.3ms)
  Rendered static_pages/index.html.erb within layouts/application (12.6ms)
Completed 200 OK in 92ms (Views: 88.2ms | ActiveRecord: 0.0ms)


Started GET "/assets/application.self-7aae4f884d21c0f895d0e25909b4a3857ca3f7bdd4412baf28bf32a8b1f558b1.css?body=1" for ::1 at 2020-10-12 13:57:15 -0700
Started GET "/assets/new_office.jpg" for ::1 at 2020-10-12 13:57:15 -0700
Started GET "/" for ::1 at 2021-01-07 10:03:02 -0800
DEPRECATION WARNING: ActiveRecord::Base.raise_in_transactional_callbacks= is deprecated, has no effect and will be removed without replacement. (called from block (3 levels) in <class:Railtie> at /home/linux/.rbenv/versions/2.5.1/lib/ruby/gems/2.5.0/gems/activerecord-5.0.7.2/lib/active_record/railtie.rb:113)
Processing by StaticPagesController#index as HTML
  Rendering static_pages/index.html.erb within layouts/application
  Rendered shared/_main_nav.html.erb (0.2ms)
  Rendered shared/_masthead.html.erb (0.3ms)
  Rendered shared/_sections_nav.html.erb (0.4ms)
  Rendered shared/_search_modal.html.erb (0.2ms)
  Rendered shared/_main_content.html.erb (0.2ms)
  Rendered static_pages/index.html.erb within layouts/application (21.1ms)
Completed 200 OK in 692ms (Views: 690.3ms | ActiveRecord: 0.0ms)


Started GET "/assets/application.self-0fc2f50328fb06633464700235588be76e3c503bbc8f405a4b706e06b6ce2804.css?body=1" for ::1 at 2021-01-07 10:03:03 -0800
Started GET "/assets/components/modal.self-52188644dbb47def5ee35ae02e69eb567ca9b664472357a8a5789dd39032a265.js?body=1" for ::1 at 2021-01-07 10:03:03 -0800
Started GET "/assets/application.self-f571b9db02bf4ed04c38a6a29072ac382f7d4f47db1fab9817aeadb0d8665235.js?body=1" for ::1 at 2021-01-07 10:03:03 -0800
Started GET "/assets/components/sidebar.self-2a1277f850a6fa21e1a974ef5152f177ac05516477d5081d593bb137b3d6808b.js?body=1" for ::1 at 2021-01-07 10:03:03 -0800
Started GET "/assets/application.self-0fc2f50328fb06633464700235588be76e3c503bbc8f405a4b706e06b6ce2804.css?body=1&livereload=1610042651157" for ::1 at 2021-01-07 10:04:11 -0800
Started GET "/assets/application.self-0fc2f50328fb06633464700235588be76e3c503bbc8f405a4b706e06b6ce2804.css?body=1&livereload=1610042651162" for ::1 at 2021-01-07 10:04:11 -0800
Started GET "/assets/application.self-0fc2f50328fb06633464700235588be76e3c503bbc8f405a4b706e06b6ce2804.css?body=1&livereload=1610042656164" for ::1 at 2021-01-07 10:04:16 -0800
Started GET "/assets/application.self-0fc2f50328fb06633464700235588be76e3c503bbc8f405a4b706e06b6ce2804.css?body=1&livereload=1610042656174" for ::1 at 2021-01-07 10:04:16 -0800
Started GET "/assets/application.self-0fc2f50328fb06633464700235588be76e3c503bbc8f405a4b706e06b6ce2804.css?body=1&livereload=1610042658701" for ::1 at 2021-01-07 10:04:18 -0800
Started GET "/assets/application.self-0fc2f50328fb06633464700235588be76e3c503bbc8f405a4b706e06b6ce2804.css?body=1&livereload=1610042658704" for ::1 at 2021-01-07 10:04:18 -0800
Started GET "/assets/application.self-0fc2f50328fb06633464700235588be76e3c503bbc8f405a4b706e06b6ce2804.css?body=1&livereload=1610042660369" for ::1 at 2021-01-07 10:04:20 -0800
Started GET "/assets/application.self-0fc2f50328fb06633464700235588be76e3c503bbc8f405a4b706e06b6ce2804.css?body=1&livereload=1610042660405" for ::1 at 2021-01-07 10:04:20 -0800
Started GET "/assets/application.self-0fc2f50328fb06633464700235588be76e3c503bbc8f405a4b706e06b6ce2804.css?body=1&livereload=1610042667630" for ::1 at 2021-01-07 10:04:27 -0800
Started GET "/assets/application.self-0fc2f50328fb06633464700235588be76e3c503bbc8f405a4b706e06b6ce2804.css?body=1&livereload=1610042667634" for ::1 at 2021-01-07 10:04:27 -0800
Started GET "/assets/application.self-0fc2f50328fb06633464700235588be76e3c503bbc8f405a4b706e06b6ce2804.css?body=1&livereload=1610042669718" for ::1 at 2021-01-07 10:04:29 -0800
Started GET "/assets/application.self-0fc2f50328fb06633464700235588be76e3c503bbc8f405a4b706e06b6ce2804.css?body=1&livereload=1610042669719" for ::1 at 2021-01-07 10:04:29 -0800
Started GET "/assets/application.self-0fc2f50328fb06633464700235588be76e3c503bbc8f405a4b706e06b6ce2804.css?body=1&livereload=1610042670714" for ::1 at 2021-01-07 10:04:30 -0800
Started GET "/assets/application.self-0fc2f50328fb06633464700235588be76e3c503bbc8f405a4b706e06b6ce2804.css?body=1&livereload=1610042670716" for ::1 at 2021-01-07 10:04:30 -0800
Started GET "/assets/application.self-0fc2f50328fb06633464700235588be76e3c503bbc8f405a4b706e06b6ce2804.css?body=1&livereload=1610042671919" for ::1 at 2021-01-07 10:04:31 -0800
Started GET "/assets/application.self-0fc2f50328fb06633464700235588be76e3c503bbc8f405a4b706e06b6ce2804.css?body=1&livereload=1610042671923" for ::1 at 2021-01-07 10:04:31 -0800
Started GET "/assets/application.self-0fc2f50328fb06633464700235588be76e3c503bbc8f405a4b706e06b6ce2804.css?body=1&livereload=1610042673821" for ::1 at 2021-01-07 10:04:33 -0800
Started GET "/assets/application.self-0fc2f50328fb06633464700235588be76e3c503bbc8f405a4b706e06b6ce2804.css?body=1&livereload=1610042673822" for ::1 at 2021-01-07 10:04:33 -0800
Started GET "/assets/application.self-0fc2f50328fb06633464700235588be76e3c503bbc8f405a4b706e06b6ce2804.css?body=1&livereload=1610042675089" for ::1 at 2021-01-07 10:04:35 -0800
Started GET "/assets/application.self-0fc2f50328fb06633464700235588be76e3c503bbc8f405a4b706e06b6ce2804.css?body=1&livereload=1610042675098" for ::1 at 2021-01-07 10:04:35 -0800
Started GET "/assets/application.self-0fc2f50328fb06633464700235588be76e3c503bbc8f405a4b706e06b6ce2804.css?body=1&livereload=1610042676823" for ::1 at 2021-01-07 10:04:36 -0800
Started GET "/assets/application.self-0fc2f50328fb06633464700235588be76e3c503bbc8f405a4b706e06b6ce2804.css?body=1&livereload=1610042676830" for ::1 at 2021-01-07 10:04:36 -0800
Started GET "/assets/application.self-0fc2f50328fb06633464700235588be76e3c503bbc8f405a4b706e06b6ce2804.css?body=1&livereload=1610042683263" for ::1 at 2021-01-07 10:04:43 -0800
Started GET "/assets/application.self-0fc2f50328fb06633464700235588be76e3c503bbc8f405a4b706e06b6ce2804.css?body=1&livereload=1610042683264" for ::1 at 2021-01-07 10:04:43 -0800
Started GET "/assets/application.self-0fc2f50328fb06633464700235588be76e3c503bbc8f405a4b706e06b6ce2804.css?body=1&livereload=1610042706170" for ::1 at 2021-01-07 10:05:06 -0800
Started GET "/assets/application.self-0fc2f50328fb06633464700235588be76e3c503bbc8f405a4b706e06b6ce2804.css?body=1&livereload=1610042706176" for ::1 at 2021-01-07 10:05:06 -0800
Started GET "/assets/application.self-0fc2f50328fb06633464700235588be76e3c503bbc8f405a4b706e06b6ce2804.css?body=1&livereload=1610042710259" for ::1 at 2021-01-07 10:05:10 -0800
Started GET "/assets/application.self-0fc2f50328fb06633464700235588be76e3c503bbc8f405a4b706e06b6ce2804.css?body=1&livereload=1610042710260" for ::1 at 2021-01-07 10:05:10 -0800
Started GET "/assets/application.self-0fc2f50328fb06633464700235588be76e3c503bbc8f405a4b706e06b6ce2804.css?body=1&livereload=1610042713643" for ::1 at 2021-01-07 10:05:13 -0800
Started GET "/assets/application.self-0fc2f50328fb06633464700235588be76e3c503bbc8f405a4b706e06b6ce2804.css?body=1&livereload=1610042713655" for ::1 at 2021-01-07 10:05:13 -0800
Started GET "/assets/application.self-0fc2f50328fb06633464700235588be76e3c503bbc8f405a4b706e06b6ce2804.css?body=1&livereload=1610042722389" for ::1 at 2021-01-07 10:05:22 -0800
Started GET "/assets/application.self-0fc2f50328fb06633464700235588be76e3c503bbc8f405a4b706e06b6ce2804.css?body=1&livereload=1610042722390" for ::1 at 2021-01-07 10:05:22 -0800
Started GET "/assets/application.self-0fc2f50328fb06633464700235588be76e3c503bbc8f405a4b706e06b6ce2804.css?body=1&livereload=1610042730472" for ::1 at 2021-01-07 10:05:30 -0800
Started GET "/assets/application.self-0fc2f50328fb06633464700235588be76e3c503bbc8f405a4b706e06b6ce2804.css?body=1&livereload=1610042730478" for ::1 at 2021-01-07 10:05:30 -0800
Started GET "/assets/application.self-0fc2f50328fb06633464700235588be76e3c503bbc8f405a4b706e06b6ce2804.css?body=1&livereload=1610042732296" for ::1 at 2021-01-07 10:05:32 -0800
Started GET "/assets/application.self-0fc2f50328fb06633464700235588be76e3c503bbc8f405a4b706e06b6ce2804.css?body=1&livereload=1610042732297" for ::1 at 2021-01-07 10:05:32 -0800
Started GET "/assets/application.self-0fc2f50328fb06633464700235588be76e3c503bbc8f405a4b706e06b6ce2804.css?body=1&livereload=1610042743540" for ::1 at 2021-01-07 10:05:43 -0800
Started GET "/assets/application.self-0fc2f50328fb06633464700235588be76e3c503bbc8f405a4b706e06b6ce2804.css?body=1&livereload=1610042743544" for ::1 at 2021-01-07 10:05:43 -0800
Started GET "/assets/application.self-0fc2f50328fb06633464700235588be76e3c503bbc8f405a4b706e06b6ce2804.css?body=1&livereload=1610042745806" for ::1 at 2021-01-07 10:05:45 -0800
Started GET "/assets/application.self-0fc2f50328fb06633464700235588be76e3c503bbc8f405a4b706e06b6ce2804.css?body=1&livereload=1610042745814" for ::1 at 2021-01-07 10:05:45 -0800
Started GET "/assets/application.self-0fc2f50328fb06633464700235588be76e3c503bbc8f405a4b706e06b6ce2804.css?body=1&livereload=1610042795612" for ::1 at 2021-01-07 10:06:35 -0800
Started GET "/assets/application.self-0fc2f50328fb06633464700235588be76e3c503bbc8f405a4b706e06b6ce2804.css?body=1&livereload=1610042795614" for ::1 at 2021-01-07 10:06:35 -0800
Started GET "/assets/application.self-0fc2f50328fb06633464700235588be76e3c503bbc8f405a4b706e06b6ce2804.css?body=1&livereload=1610042798168" for ::1 at 2021-01-07 10:06:38 -0800
Started GET "/assets/application.self-0fc2f50328fb06633464700235588be76e3c503bbc8f405a4b706e06b6ce2804.css?body=1&livereload=1610042798201" for ::1 at 2021-01-07 10:06:38 -0800
Started GET "/assets/application.self-0fc2f50328fb06633464700235588be76e3c503bbc8f405a4b706e06b6ce2804.css?body=1&livereload=1610042801165" for ::1 at 2021-01-07 10:06:41 -0800
Started GET "/assets/application.self-0fc2f50328fb06633464700235588be76e3c503bbc8f405a4b706e06b6ce2804.css?body=1&livereload=1610042801167" for ::1 at 2021-01-07 10:06:41 -0800
Started GET "/assets/application.self-0fc2f50328fb06633464700235588be76e3c503bbc8f405a4b706e06b6ce2804.css?body=1&livereload=1610042805972" for ::1 at 2021-01-07 10:06:45 -0800
Started GET "/assets/application.self-0fc2f50328fb06633464700235588be76e3c503bbc8f405a4b706e06b6ce2804.css?body=1&livereload=1610042805974" for ::1 at 2021-01-07 10:06:45 -0800
Started GET "/assets/application.self-0fc2f50328fb06633464700235588be76e3c503bbc8f405a4b706e06b6ce2804.css?body=1&livereload=1610042812953" for ::1 at 2021-01-07 10:06:52 -0800
Started GET "/assets/application.self-0fc2f50328fb06633464700235588be76e3c503bbc8f405a4b706e06b6ce2804.css?body=1&livereload=1610042812955" for ::1 at 2021-01-07 10:06:52 -0800
Started GET "/assets/application.self-0fc2f50328fb06633464700235588be76e3c503bbc8f405a4b706e06b6ce2804.css?body=1&livereload=1610042814527" for ::1 at 2021-01-07 10:06:54 -0800
Started GET "/assets/application.self-0fc2f50328fb06633464700235588be76e3c503bbc8f405a4b706e06b6ce2804.css?body=1&livereload=1610042814539" for ::1 at 2021-01-07 10:06:54 -0800
Started GET "/assets/application.self-0fc2f50328fb06633464700235588be76e3c503bbc8f405a4b706e06b6ce2804.css?body=1&livereload=1610042817620" for ::1 at 2021-01-07 10:06:57 -0800
Started GET "/assets/application.self-0fc2f50328fb06633464700235588be76e3c503bbc8f405a4b706e06b6ce2804.css?body=1&livereload=1610042817620&livereload=1610042817620" for ::1 at 2021-01-07 10:06:57 -0800
Started GET "/assets/application.self-0fc2f50328fb06633464700235588be76e3c503bbc8f405a4b706e06b6ce2804.css?body=1&livereload=1610042819072&livereload=1610042817620" for ::1 at 2021-01-07 10:06:59 -0800
Started GET "/assets/application.self-0fc2f50328fb06633464700235588be76e3c503bbc8f405a4b706e06b6ce2804.css?body=1&livereload=1610042819076&livereload=1610042817620" for ::1 at 2021-01-07 10:06:59 -0800
Started GET "/assets/application.self-0fc2f50328fb06633464700235588be76e3c503bbc8f405a4b706e06b6ce2804.css?body=1&livereload=1610042820434&livereload=1610042817620" for ::1 at 2021-01-07 10:07:00 -0800
Started GET "/assets/application.self-0fc2f50328fb06633464700235588be76e3c503bbc8f405a4b706e06b6ce2804.css?body=1&livereload=1610042820435&livereload=1610042817620" for ::1 at 2021-01-07 10:07:00 -0800
Started GET "/assets/application.self-0fc2f50328fb06633464700235588be76e3c503bbc8f405a4b706e06b6ce2804.css?body=1&livereload=1610042925934&livereload=1610042817620" for ::1 at 2021-01-07 10:08:45 -0800
Started GET "/assets/application.self-0fc2f50328fb06633464700235588be76e3c503bbc8f405a4b706e06b6ce2804.css?body=1&livereload=1610042925936&livereload=1610042817620" for ::1 at 2021-01-07 10:08:45 -0800
Started GET "/assets/application.self-0fc2f50328fb06633464700235588be76e3c503bbc8f405a4b706e06b6ce2804.css?body=1&livereload=1610042941247&livereload=1610042817620" for ::1 at 2021-01-07 10:09:01 -0800
Started GET "/assets/application.self-0fc2f50328fb06633464700235588be76e3c503bbc8f405a4b706e06b6ce2804.css?body=1&livereload=1610042941258&livereload=1610042817620" for ::1 at 2021-01-07 10:09:01 -0800
Started GET "/assets/application.self-0fc2f50328fb06633464700235588be76e3c503bbc8f405a4b706e06b6ce2804.css?body=1&livereload=1610042945267&livereload=1610042817620" for ::1 at 2021-01-07 10:09:05 -0800
Started GET "/assets/application.self-0fc2f50328fb06633464700235588be76e3c503bbc8f405a4b706e06b6ce2804.css?body=1&livereload=1610042945269&livereload=1610042817620" for ::1 at 2021-01-07 10:09:05 -0800
Started GET "/assets/application.self-0fc2f50328fb06633464700235588be76e3c503bbc8f405a4b706e06b6ce2804.css?body=1&livereload=1610042951896&livereload=1610042817620" for ::1 at 2021-01-07 10:09:11 -0800
Started GET "/assets/application.self-0fc2f50328fb06633464700235588be76e3c503bbc8f405a4b706e06b6ce2804.css?body=1&livereload=1610042951895&livereload=1610042817620" for ::1 at 2021-01-07 10:09:11 -0800
Started GET "/assets/application.self-0fc2f50328fb06633464700235588be76e3c503bbc8f405a4b706e06b6ce2804.css?body=1&livereload=1610042958260&livereload=1610042817620" for ::1 at 2021-01-07 10:09:18 -0800
Started GET "/assets/application.self-0fc2f50328fb06633464700235588be76e3c503bbc8f405a4b706e06b6ce2804.css?body=1&livereload=1610042958261&livereload=1610042817620" for ::1 at 2021-01-07 10:09:18 -0800
Started GET "/assets/application.self-0fc2f50328fb06633464700235588be76e3c503bbc8f405a4b706e06b6ce2804.css?body=1&livereload=1610043041978&livereload=1610042817620" for ::1 at 2021-01-07 10:10:41 -0800
Started GET "/assets/application.self-0fc2f50328fb06633464700235588be76e3c503bbc8f405a4b706e06b6ce2804.css?body=1&livereload=1610043041979&livereload=1610042817620" for ::1 at 2021-01-07 10:10:41 -0800
Started GET "/assets/application.self-0fc2f50328fb06633464700235588be76e3c503bbc8f405a4b706e06b6ce2804.css?body=1&livereload=1610043137914&livereload=1610042817620" for ::1 at 2021-01-07 10:12:17 -0800
Started GET "/assets/application.self-0fc2f50328fb06633464700235588be76e3c503bbc8f405a4b706e06b6ce2804.css?body=1&livereload=1610043137918&livereload=1610042817620" for ::1 at 2021-01-07 10:12:17 -0800
Started GET "/assets/application.self-0fc2f50328fb06633464700235588be76e3c503bbc8f405a4b706e06b6ce2804.css?body=1&livereload=1610043139913&livereload=1610042817620" for ::1 at 2021-01-07 10:12:19 -0800
Started GET "/assets/application.self-0fc2f50328fb06633464700235588be76e3c503bbc8f405a4b706e06b6ce2804.css?body=1&livereload=1610043139917&livereload=1610042817620" for ::1 at 2021-01-07 10:12:19 -0800
Started GET "/assets/application.self-0fc2f50328fb06633464700235588be76e3c503bbc8f405a4b706e06b6ce2804.css?body=1&livereload=1610043145533&livereload=1610042817620" for ::1 at 2021-01-07 10:12:25 -0800
Started GET "/assets/application.self-0fc2f50328fb06633464700235588be76e3c503bbc8f405a4b706e06b6ce2804.css?body=1&livereload=1610043145535&livereload=1610042817620" for ::1 at 2021-01-07 10:12:25 -0800
Started GET "/assets/application.self-0fc2f50328fb06633464700235588be76e3c503bbc8f405a4b706e06b6ce2804.css?body=1&livereload=1610043147928&livereload=1610042817620" for ::1 at 2021-01-07 10:12:27 -0800
Started GET "/assets/application.self-0fc2f50328fb06633464700235588be76e3c503bbc8f405a4b706e06b6ce2804.css?body=1&livereload=1610043147927&livereload=1610042817620" for ::1 at 2021-01-07 10:12:27 -0800
Started GET "/assets/application.self-0fc2f50328fb06633464700235588be76e3c503bbc8f405a4b706e06b6ce2804.css?body=1&livereload=1610043151294&livereload=1610042817620" for ::1 at 2021-01-07 10:12:31 -0800
Started GET "/assets/application.self-0fc2f50328fb06633464700235588be76e3c503bbc8f405a4b706e06b6ce2804.css?body=1&livereload=1610043151295&livereload=1610042817620" for ::1 at 2021-01-07 10:12:31 -0800
Started GET "/assets/application.self-0fc2f50328fb06633464700235588be76e3c503bbc8f405a4b706e06b6ce2804.css?body=1&livereload=1610043154677&livereload=1610042817620" for ::1 at 2021-01-07 10:12:34 -0800
Started GET "/assets/application.self-0fc2f50328fb06633464700235588be76e3c503bbc8f405a4b706e06b6ce2804.css?body=1&livereload=1610043154679&livereload=1610042817620" for ::1 at 2021-01-07 10:12:34 -0800
Started GET "/assets/application.self-0fc2f50328fb06633464700235588be76e3c503bbc8f405a4b706e06b6ce2804.css?body=1&livereload=1610043158130&livereload=1610042817620" for ::1 at 2021-01-07 10:12:38 -0800
Started GET "/assets/application.self-0fc2f50328fb06633464700235588be76e3c503bbc8f405a4b706e06b6ce2804.css?body=1&livereload=1610043158133&livereload=1610042817620" for ::1 at 2021-01-07 10:12:38 -0800
Started GET "/assets/application.self-0fc2f50328fb06633464700235588be76e3c503bbc8f405a4b706e06b6ce2804.css?body=1&livereload=1610043162133&livereload=1610042817620" for ::1 at 2021-01-07 10:12:42 -0800
Started GET "/assets/application.self-0fc2f50328fb06633464700235588be76e3c503bbc8f405a4b706e06b6ce2804.css?body=1&livereload=1610043162138&livereload=1610042817620" for ::1 at 2021-01-07 10:12:42 -0800
Started GET "/assets/application.self-0fc2f50328fb06633464700235588be76e3c503bbc8f405a4b706e06b6ce2804.css?body=1&livereload=1610043164407&livereload=1610042817620" for ::1 at 2021-01-07 10:12:44 -0800
Started GET "/assets/application.self-0fc2f50328fb06633464700235588be76e3c503bbc8f405a4b706e06b6ce2804.css?body=1&livereload=1610043164411&livereload=1610042817620" for ::1 at 2021-01-07 10:12:44 -0800
Started GET "/assets/application.self-0fc2f50328fb06633464700235588be76e3c503bbc8f405a4b706e06b6ce2804.css?body=1&livereload=1610043165676&livereload=1610042817620" for ::1 at 2021-01-07 10:12:45 -0800
Started GET "/assets/application.self-0fc2f50328fb06633464700235588be76e3c503bbc8f405a4b706e06b6ce2804.css?body=1&livereload=1610043165677&livereload=1610042817620" for ::1 at 2021-01-07 10:12:45 -0800
Started GET "/assets/application.self-0fc2f50328fb06633464700235588be76e3c503bbc8f405a4b706e06b6ce2804.css?body=1&livereload=1610043172836&livereload=1610042817620" for ::1 at 2021-01-07 10:12:52 -0800
Started GET "/assets/application.self-0fc2f50328fb06633464700235588be76e3c503bbc8f405a4b706e06b6ce2804.css?body=1&livereload=1610043172842&livereload=1610042817620" for ::1 at 2021-01-07 10:12:52 -0800
Started GET "/assets/application.self-0fc2f50328fb06633464700235588be76e3c503bbc8f405a4b706e06b6ce2804.css?body=1&livereload=1610043179395&livereload=1610042817620" for ::1 at 2021-01-07 10:12:59 -0800
Started GET "/assets/application.self-0fc2f50328fb06633464700235588be76e3c503bbc8f405a4b706e06b6ce2804.css?body=1&livereload=1610043179396&livereload=1610042817620" for ::1 at 2021-01-07 10:12:59 -0800
Started GET "/assets/application.self-0fc2f50328fb06633464700235588be76e3c503bbc8f405a4b706e06b6ce2804.css?body=1&livereload=1610043181308&livereload=1610042817620" for ::1 at 2021-01-07 10:13:01 -0800
Started GET "/assets/application.self-0fc2f50328fb06633464700235588be76e3c503bbc8f405a4b706e06b6ce2804.css?body=1&livereload=1610043181315&livereload=1610042817620" for ::1 at 2021-01-07 10:13:01 -0800
Started GET "/assets/application.self-0fc2f50328fb06633464700235588be76e3c503bbc8f405a4b706e06b6ce2804.css?body=1&livereload=1610043352421&livereload=1610042817620" for ::1 at 2021-01-07 10:15:52 -0800
Started GET "/assets/application.self-0fc2f50328fb06633464700235588be76e3c503bbc8f405a4b706e06b6ce2804.css?body=1&livereload=1610043352423&livereload=1610042817620" for ::1 at 2021-01-07 10:15:52 -0800
Started GET "/assets/application.self-0fc2f50328fb06633464700235588be76e3c503bbc8f405a4b706e06b6ce2804.css?body=1&livereload=1610043354641&livereload=1610042817620" for ::1 at 2021-01-07 10:15:54 -0800
Started GET "/assets/application.self-0fc2f50328fb06633464700235588be76e3c503bbc8f405a4b706e06b6ce2804.css?body=1&livereload=1610043354642&livereload=1610042817620" for ::1 at 2021-01-07 10:15:54 -0800
Started GET "/assets/application.self-0fc2f50328fb06633464700235588be76e3c503bbc8f405a4b706e06b6ce2804.css?body=1&livereload=1610043356506&livereload=1610042817620" for ::1 at 2021-01-07 10:15:56 -0800
Started GET "/assets/application.self-0fc2f50328fb06633464700235588be76e3c503bbc8f405a4b706e06b6ce2804.css?body=1&livereload=1610043356519&livereload=1610042817620" for ::1 at 2021-01-07 10:15:56 -0800
Started GET "/assets/application.self-0fc2f50328fb06633464700235588be76e3c503bbc8f405a4b706e06b6ce2804.css?body=1&livereload=1610043364239&livereload=1610042817620" for ::1 at 2021-01-07 10:16:04 -0800
Started GET "/assets/application.self-0fc2f50328fb06633464700235588be76e3c503bbc8f405a4b706e06b6ce2804.css?body=1&livereload=1610043364247&livereload=1610042817620" for ::1 at 2021-01-07 10:16:04 -0800
Started GET "/assets/application.self-0fc2f50328fb06633464700235588be76e3c503bbc8f405a4b706e06b6ce2804.css?body=1&livereload=1610043368590&livereload=1610042817620" for ::1 at 2021-01-07 10:16:08 -0800
Started GET "/assets/application.self-0fc2f50328fb06633464700235588be76e3c503bbc8f405a4b706e06b6ce2804.css?body=1&livereload=1610043368593&livereload=1610042817620" for ::1 at 2021-01-07 10:16:08 -0800
Started GET "/assets/application.self-0fc2f50328fb06633464700235588be76e3c503bbc8f405a4b706e06b6ce2804.css?body=1&livereload=1610043372159&livereload=1610042817620" for ::1 at 2021-01-07 10:16:12 -0800
Started GET "/assets/application.self-0fc2f50328fb06633464700235588be76e3c503bbc8f405a4b706e06b6ce2804.css?body=1&livereload=1610043372162&livereload=1610042817620" for ::1 at 2021-01-07 10:16:12 -0800
Started GET "/assets/application.self-0fc2f50328fb06633464700235588be76e3c503bbc8f405a4b706e06b6ce2804.css?body=1&livereload=1610043375604&livereload=1610042817620" for ::1 at 2021-01-07 10:16:15 -0800
Started GET "/assets/application.self-0fc2f50328fb06633464700235588be76e3c503bbc8f405a4b706e06b6ce2804.css?body=1&livereload=1610043375609&livereload=1610042817620" for ::1 at 2021-01-07 10:16:15 -0800
Started GET "/assets/application.self-0fc2f50328fb06633464700235588be76e3c503bbc8f405a4b706e06b6ce2804.css?body=1&livereload=1610043378985&livereload=1610042817620" for ::1 at 2021-01-07 10:16:18 -0800
Started GET "/assets/application.self-0fc2f50328fb06633464700235588be76e3c503bbc8f405a4b706e06b6ce2804.css?body=1&livereload=1610043378992&livereload=1610042817620" for ::1 at 2021-01-07 10:16:18 -0800
Started GET "/assets/application.self-0fc2f50328fb06633464700235588be76e3c503bbc8f405a4b706e06b6ce2804.css?body=1&livereload=1610043382350&livereload=1610042817620" for ::1 at 2021-01-07 10:16:22 -0800
Started GET "/assets/application.self-0fc2f50328fb06633464700235588be76e3c503bbc8f405a4b706e06b6ce2804.css?body=1&livereload=1610043382373&livereload=1610042817620" for ::1 at 2021-01-07 10:16:22 -0800
Started GET "/assets/application.self-0fc2f50328fb06633464700235588be76e3c503bbc8f405a4b706e06b6ce2804.css?body=1&livereload=1610043385174&livereload=1610042817620" for ::1 at 2021-01-07 10:16:25 -0800
Started GET "/assets/application.self-0fc2f50328fb06633464700235588be76e3c503bbc8f405a4b706e06b6ce2804.css?body=1&livereload=1610043385175&livereload=1610042817620" for ::1 at 2021-01-07 10:16:25 -0800
Started GET "/assets/application.self-0fc2f50328fb06633464700235588be76e3c503bbc8f405a4b706e06b6ce2804.css?body=1&livereload=1610043387102&livereload=1610042817620" for ::1 at 2021-01-07 10:16:27 -0800
Started GET "/assets/application.self-0fc2f50328fb06633464700235588be76e3c503bbc8f405a4b706e06b6ce2804.css?body=1&livereload=1610043387103&livereload=1610042817620" for ::1 at 2021-01-07 10:16:27 -0800
Started GET "/assets/application.self-0fc2f50328fb06633464700235588be76e3c503bbc8f405a4b706e06b6ce2804.css?body=1&livereload=1610043392548&livereload=1610042817620" for ::1 at 2021-01-07 10:16:32 -0800
Started GET "/assets/application.self-0fc2f50328fb06633464700235588be76e3c503bbc8f405a4b706e06b6ce2804.css?body=1&livereload=1610043392552&livereload=1610042817620" for ::1 at 2021-01-07 10:16:32 -0800
Started GET "/assets/application.self-0fc2f50328fb06633464700235588be76e3c503bbc8f405a4b706e06b6ce2804.css?body=1&livereload=1610043399266&livereload=1610042817620" for ::1 at 2021-01-07 10:16:39 -0800
Started GET "/assets/application.self-0fc2f50328fb06633464700235588be76e3c503bbc8f405a4b706e06b6ce2804.css?body=1&livereload=1610043399298&livereload=1610042817620" for ::1 at 2021-01-07 10:16:39 -0800
Started GET "/assets/application.self-0fc2f50328fb06633464700235588be76e3c503bbc8f405a4b706e06b6ce2804.css?body=1&livereload=1610043401907&livereload=1610042817620" for ::1 at 2021-01-07 10:16:41 -0800
Started GET "/assets/application.self-0fc2f50328fb06633464700235588be76e3c503bbc8f405a4b706e06b6ce2804.css?body=1&livereload=1610043401914&livereload=1610042817620" for ::1 at 2021-01-07 10:16:41 -0800
Started GET "/assets/application.self-0fc2f50328fb06633464700235588be76e3c503bbc8f405a4b706e06b6ce2804.css?body=1&livereload=1610043405724&livereload=1610042817620" for ::1 at 2021-01-07 10:16:45 -0800
Started GET "/assets/application.self-0fc2f50328fb06633464700235588be76e3c503bbc8f405a4b706e06b6ce2804.css?body=1&livereload=1610043405731&livereload=1610042817620" for ::1 at 2021-01-07 10:16:45 -0800
Started GET "/assets/application.self-0fc2f50328fb06633464700235588be76e3c503bbc8f405a4b706e06b6ce2804.css?body=1&livereload=1610043440530&livereload=1610042817620" for ::1 at 2021-01-07 10:17:20 -0800
Started GET "/assets/application.self-0fc2f50328fb06633464700235588be76e3c503bbc8f405a4b706e06b6ce2804.css?body=1&livereload=1610043440531&livereload=1610042817620" for ::1 at 2021-01-07 10:17:20 -0800
Started GET "/assets/application.self-0fc2f50328fb06633464700235588be76e3c503bbc8f405a4b706e06b6ce2804.css?body=1&livereload=1610043443080&livereload=1610042817620" for ::1 at 2021-01-07 10:17:23 -0800
Started GET "/assets/application.self-0fc2f50328fb06633464700235588be76e3c503bbc8f405a4b706e06b6ce2804.css?body=1&livereload=1610043443085&livereload=1610042817620" for ::1 at 2021-01-07 10:17:23 -0800
Started GET "/assets/application.self-0fc2f50328fb06633464700235588be76e3c503bbc8f405a4b706e06b6ce2804.css?body=1&livereload=1610043446986&livereload=1610042817620" for ::1 at 2021-01-07 10:17:26 -0800
Started GET "/assets/application.self-0fc2f50328fb06633464700235588be76e3c503bbc8f405a4b706e06b6ce2804.css?body=1&livereload=1610043446987&livereload=1610042817620" for ::1 at 2021-01-07 10:17:26 -0800
Started GET "/assets/application.self-0fc2f50328fb06633464700235588be76e3c503bbc8f405a4b706e06b6ce2804.css?body=1&livereload=1610043452119&livereload=1610042817620" for ::1 at 2021-01-07 10:17:32 -0800
Started GET "/assets/application.self-0fc2f50328fb06633464700235588be76e3c503bbc8f405a4b706e06b6ce2804.css?body=1&livereload=1610043452120&livereload=1610042817620" for ::1 at 2021-01-07 10:17:32 -0800
Started GET "/assets/application.self-0fc2f50328fb06633464700235588be76e3c503bbc8f405a4b706e06b6ce2804.css?body=1&livereload=1610043453134&livereload=1610042817620" for ::1 at 2021-01-07 10:17:33 -0800
Started GET "/assets/application.self-0fc2f50328fb06633464700235588be76e3c503bbc8f405a4b706e06b6ce2804.css?body=1&livereload=1610043453173&livereload=1610042817620" for ::1 at 2021-01-07 10:17:33 -0800
